<?xml version="1.0" encoding="UTF-8"?>
<!-- Generated by org.testng.reporters.JUnitReportReporter -->
<testsuite skipped="0" hostname="DESKTOP-M3E2BR1" name="runner.CollectionsRunner" tests="3" failures="0" timestamp="2021-04-24T10:39:35 IST" time="62.589" errors="0">
  <testcase name="runScenario" time="19.706" classname="runner.CollectionsRunner"/>
  <system-out/>
  <testcase name="runScenario" time="18.274" classname="runner.CollectionsRunner"/>
  <system-out/>
  <testcase name="runScenario" time="24.609" classname="runner.CollectionsRunner"/>
  <system-out/>
</testsuite> <!-- runner.CollectionsRunner -->
