<?xml version="1.0" encoding="UTF-8"?>
<!-- Generated by org.testng.reporters.JUnitReportReporter -->
<testsuite skipped="0" hostname="DESKTOP-M3E2BR1" name="runner.SAL64" tests="1" failures="0" timestamp="2021-04-23T05:55:50 IST" time="19.840" errors="0">
  <testcase name="runScenario" time="19.840" classname="runner.SAL64"/>
  <system-out/>
</testsuite> <!-- runner.SAL64 -->
