<?xml version="1.0" encoding="UTF-8"?>
<!-- Generated by org.testng.reporters.JUnitReportReporter -->
<testsuite skipped="0" hostname="DESKTOP-M3E2BR1" name="runner.SAL2Runner" tests="1" failures="0" timestamp="2021-04-18T10:39:16 IST" time="24.082" errors="0">
  <testcase name="runScenario" time="24.082" classname="runner.SAL2Runner"/>
  <system-out/>
</testsuite> <!-- runner.SAL2Runner -->
