<?xml version="1.0" encoding="UTF-8"?>
<!-- Generated by org.testng.reporters.JUnitReportReporter -->
<testsuite skipped="0" hostname="DESKTOP-M3E2BR1" name="runner.FileRunner" tests="1" failures="0" timestamp="2021-04-25T21:52:45 IST" time="52.328" errors="0">
  <testcase name="runScenario" time="52.328" classname="runner.FileRunner"/>
  <system-out/>
</testsuite> <!-- runner.FileRunner -->
