<?xml version="1.0" encoding="UTF-8"?>
<!-- Generated by org.testng.reporters.JUnitReportReporter -->
<testsuite skipped="0" hostname="DESKTOP-M3E2BR1" name="runner.SalesforceLogin" tests="1" failures="0" timestamp="2021-04-17T11:59:06 IST" time="11.354" errors="0">
  <testcase name="runScenario" time="11.354" classname="runner.SalesforceLogin"/>
  <system-out/>
</testsuite> <!-- runner.SalesforceLogin -->
