<?xml version="1.0" encoding="UTF-8"?>
<!-- Generated by org.testng.reporters.JUnitReportReporter -->
<testsuite skipped="0" hostname="DESKTOP-M3E2BR1" name="runner.SAL25Runner" tests="1" failures="0" timestamp="2021-04-18T10:51:21 IST" time="18.117" errors="0">
  <testcase name="runScenario" time="18.117" classname="runner.SAL25Runner"/>
  <system-out/>
</testsuite> <!-- runner.SAL25Runner -->
